SET search_path TO documentdb_core,documentdb_api,documentdb_api_catalog,documentdb_api_internal;
SET citus.next_shard_id TO 1064000;
SET documentdb.next_collection_id TO 10640;
SET documentdb.next_collection_index_id TO 10640;
SET documentdb.enableNewCompositeIndexOpClass to on;
set enable_seqscan TO on;
set documentdb.forceUseIndexIfAvailable to on;
set documentdb.forceDisableSeqScan to off;
SELECT documentdb_api.drop_collection('comp_elmdb', 'cmp_elemmatch_ops') IS NOT NULL;
 ?column? 
---------------------------------------------------------------------
 t
(1 row)

SELECT documentdb_api.create_collection('comp_elmdb', 'cmp_elemmatch_ops') IS NOT NULL;
NOTICE:  creating collection
 ?column? 
---------------------------------------------------------------------
 t
(1 row)

SELECT documentdb_api_internal.create_indexes_non_concurrently('comp_elmdb',
    '{ "createIndexes": "cmp_elemmatch_ops", "indexes": [ { "key": { "price": 1 }, "name": "price_1", "enableCompositeTerm": true }, { "key": { "brands": 1 }, "name": "brands_1", "enableCompositeTerm": true } ] }', TRUE);
                                                                                                   create_indexes_non_concurrently                                                                                                    
---------------------------------------------------------------------
 { "raw" : { "defaultShard" : { "numIndexesBefore" : { "$numberInt" : "1" }, "numIndexesAfter" : { "$numberInt" : "3" }, "createdCollectionAutomatically" : false, "ok" : { "$numberInt" : "1" } } }, "ok" : { "$numberInt" : "1" } }
(1 row)

SELECT documentdb_api_internal.create_indexes_non_concurrently('comp_elmdb',
    '{ "createIndexes": "cmp_elemmatch_ops", "indexes": [ { "key": { "brands.name": 1 }, "name": "brands.name_1", "enableCompositeTerm": true }, { "key": { "brands.rating": 1 }, "name": "brands.rating_1", "enableCompositeTerm": true } ] }', TRUE);
                                                                                                   create_indexes_non_concurrently                                                                                                    
---------------------------------------------------------------------
 { "raw" : { "defaultShard" : { "numIndexesBefore" : { "$numberInt" : "3" }, "numIndexesAfter" : { "$numberInt" : "5" }, "createdCollectionAutomatically" : false, "ok" : { "$numberInt" : "1" } } }, "ok" : { "$numberInt" : "1" } }
(1 row)

SELECT documentdb_api.insert_one('comp_elmdb', 'cmp_elemmatch_ops', '{ "_id": 1, "price": [ 120, 150, 100 ] }');
                              insert_one                              
---------------------------------------------------------------------
 { "n" : { "$numberInt" : "1" }, "ok" : { "$numberDouble" : "1.0" } }
(1 row)

SELECT documentdb_api.insert_one('comp_elmdb', 'cmp_elemmatch_ops', '{ "_id": 2, "price": [ 110, 140, 160 ] }');
                              insert_one                              
---------------------------------------------------------------------
 { "n" : { "$numberInt" : "1" }, "ok" : { "$numberDouble" : "1.0" } }
(1 row)

-- pushes to the price index
EXPLAIN (COSTS OFF, ANALYZE ON, TIMING OFF, SUMMARY OFF) SELECT document FROM bson_aggregation_find('comp_elmdb',
    '{ "find": "cmp_elemmatch_ops", "filter": { "price": { "$elemMatch": { "$gt": 120, "$lt": 150 } } } }');
                                                                     QUERY PLAN                                                                      
---------------------------------------------------------------------
 Bitmap Heap Scan on documents_10641_1064002 collection (actual rows=1 loops=1)
   Filter: (document @#? '{ "price" : { "$gt" : { "$numberInt" : "120" }, "$lt" : { "$numberInt" : "150" } } }'::bson)
   Rows Removed by Filter: 1
   Heap Blocks: exact=1
   ->  Bitmap Index Scan on price_1 (actual rows=2 loops=1)
         Index Cond: ((document @> '{ "price" : { "$numberInt" : "120" } }'::bson) AND (document @< '{ "price" : { "$numberInt" : "150" } }'::bson))
(6 rows)

EXPLAIN (COSTS OFF, ANALYZE ON, TIMING OFF, SUMMARY OFF) SELECT document FROM bson_aggregation_find('comp_elmdb',
    '{ "find": "cmp_elemmatch_ops", "filter": { "price": { "$elemMatch": { "$in": [ 120, 140 ], "$gt": 121 } } } }');
                                                                                     QUERY PLAN                                                                                     
---------------------------------------------------------------------
 Bitmap Heap Scan on documents_10641_1064002 collection (actual rows=1 loops=1)
   Filter: (document @#? '{ "price" : { "$in" : [ { "$numberInt" : "120" }, { "$numberInt" : "140" } ], "$gt" : { "$numberInt" : "121" } } }'::bson)
   Rows Removed by Filter: 1
   Heap Blocks: exact=1
   ->  Bitmap Index Scan on price_1 (actual rows=2 loops=1)
         Index Cond: ((document @*= '{ "price" : [ { "$numberInt" : "120" }, { "$numberInt" : "140" } ] }'::bson) AND (document @> '{ "price" : { "$numberInt" : "121" } }'::bson))
(6 rows)

EXPLAIN (COSTS OFF, ANALYZE ON, TIMING OFF, SUMMARY OFF) SELECT document FROM bson_aggregation_find('comp_elmdb',
    '{ "find": "cmp_elemmatch_ops", "filter": { "price": { "$elemMatch": { "$type": "number" } } } }');
                                   QUERY PLAN                                   
---------------------------------------------------------------------
 Bitmap Heap Scan on documents_10641_1064002 collection (actual rows=2 loops=1)
   Filter: (document @#? '{ "price" : { "$type" : "number" } }'::bson)
   Heap Blocks: exact=1
   ->  Bitmap Index Scan on price_1 (actual rows=2 loops=1)
         Index Cond: (document @# '{ "price" : "number" }'::bson)
(5 rows)

EXPLAIN (COSTS OFF, ANALYZE ON, TIMING OFF, SUMMARY OFF) SELECT document FROM bson_aggregation_find('comp_elmdb',
    '{ "find": "cmp_elemmatch_ops", "filter": { "price": { "$elemMatch": { "$ne": 160 } } } }');
                                     QUERY PLAN                                      
---------------------------------------------------------------------
 Bitmap Heap Scan on documents_10641_1064002 collection (actual rows=2 loops=1)
   Recheck Cond: (shard_key_value = '10641'::bigint)
   Filter: (document @#? '{ "price" : { "$ne" : { "$numberInt" : "160" } } }'::bson)
   Heap Blocks: exact=1
   ->  Bitmap Index Scan on _id_ (actual rows=2 loops=1)
         Index Cond: (shard_key_value = '10641'::bigint)
(6 rows)

EXPLAIN (COSTS OFF, ANALYZE ON, TIMING OFF, SUMMARY OFF) SELECT document FROM bson_aggregation_find('comp_elmdb',
    '{ "find": "cmp_elemmatch_ops", "filter": { "price": { "$elemMatch": { "$nin": [ 160, 110, 140] } } } }');
                                                                  QUERY PLAN                                                                  
---------------------------------------------------------------------
 Bitmap Heap Scan on documents_10641_1064002 collection (actual rows=1 loops=1)
   Recheck Cond: (shard_key_value = '10641'::bigint)
   Filter: (document @#? '{ "price" : { "$nin" : [ { "$numberInt" : "160" }, { "$numberInt" : "110" }, { "$numberInt" : "140" } ] } }'::bson)
   Rows Removed by Filter: 1
   Heap Blocks: exact=1
   ->  Bitmap Index Scan on _id_ (actual rows=2 loops=1)
         Index Cond: (shard_key_value = '10641'::bigint)
(7 rows)

-- now test some with nested objects
SELECT documentdb_api.insert_one('comp_elmdb', 'cmp_elemmatch_ops', '{ "_id": 3, "brands": [ { "name" : "alpha", "rating" : 5 }, { "name" : "beta", "rating" : 3 } ] }');
                              insert_one                              
---------------------------------------------------------------------
 { "n" : { "$numberInt" : "1" }, "ok" : { "$numberDouble" : "1.0" } }
(1 row)

SELECT documentdb_api.insert_one('comp_elmdb', 'cmp_elemmatch_ops', '{ "_id": 4, "brands": [ { "name" : "alpha", "rating" : 4 }, { "name" : "beta", "rating" : 2 } ] }');
                              insert_one                              
---------------------------------------------------------------------
 { "n" : { "$numberInt" : "1" }, "ok" : { "$numberDouble" : "1.0" } }
(1 row)

SELECT documentdb_api.insert_one('comp_elmdb', 'cmp_elemmatch_ops', '{ "_id": 5, "brands": [ { "name" : "alpha", "rating" : 2 }, { "name" : "beta", "rating" : 4 } ] }');
                              insert_one                              
---------------------------------------------------------------------
 { "n" : { "$numberInt" : "1" }, "ok" : { "$numberDouble" : "1.0" } }
(1 row)

EXPLAIN (COSTS OFF, ANALYZE ON, TIMING OFF, SUMMARY OFF) SELECT document FROM bson_aggregation_find('comp_elmdb',
    '{ "find": "cmp_elemmatch_ops", "filter": { "brands": { "$elemMatch": { "name": "alpha", "rating": 2 } } } }');
                                               QUERY PLAN                                                
---------------------------------------------------------------------
 Bitmap Heap Scan on documents_10641_1064002 collection (actual rows=1 loops=1)
   Filter: (document @#? '{ "brands" : { "name" : "alpha", "rating" : { "$numberInt" : "2" } } }'::bson)
   Rows Removed by Filter: 1
   Heap Blocks: exact=1
   ->  Bitmap Index Scan on "brands.rating_1" (actual rows=2 loops=1)
         Index Cond: (document @= '{ "brands.rating" : { "$numberInt" : "2" } }'::bson)
(6 rows)

EXPLAIN (COSTS OFF, ANALYZE ON, TIMING OFF, SUMMARY OFF) SELECT document FROM bson_aggregation_find('comp_elmdb',
    '{ "find": "cmp_elemmatch_ops", "filter": { "brands": { "$elemMatch": { "name": "alpha" } } } }');
                                   QUERY PLAN                                   
---------------------------------------------------------------------
 Bitmap Heap Scan on documents_10641_1064002 collection (actual rows=3 loops=1)
   Filter: (document @#? '{ "brands" : { "name" : "alpha" } }'::bson)
   Heap Blocks: exact=1
   ->  Bitmap Index Scan on "brands.name_1" (actual rows=3 loops=1)
         Index Cond: (document @= '{ "brands.name" : "alpha" }'::bson)
(5 rows)

